<?xml version="1.0" encoding="UTF-8"?>
<!-- Generated by org.testng.reporters.JUnitXMLReporter -->
<testsuite hostname="TANVIs-MacBook-Air.local" ignored="3" name="Gmail Login Test" tests="2" failures="0" timestamp="15 Feb 2019 17:46:24 GMT" time="29.467" errors="0">
  <testcase name="loginPageTitleTest" time="0.047" classname="com.gmail.qa.testcases.LoginPageTest"/>
  <testcase name="signInTextTest" time="0.075" classname="com.gmail.qa.testcases.LoginPageTest"/>
  <testcase name="createAccountLinkTest" time="0.0" classname="com.gmail.qa.testcases.LoginPageTest">
    <ignored/>
  </testcase> <!-- createAccountLinkTest -->
  <testcase name="loginTest" time="0.0" classname="com.gmail.qa.testcases.LoginPageTest">
    <ignored/>
  </testcase> <!-- loginTest -->
  <testcase name="googleTextTest" time="0.0" classname="com.gmail.qa.testcases.LoginPageTest">
    <ignored/>
  </testcase> <!-- googleTextTest -->
</testsuite> <!-- Gmail Login Test -->
