<?xml version="1.0" encoding="UTF-8"?>
<!-- Generated by org.testng.reporters.JUnitXMLReporter -->
<testsuite hostname="TANVIs-MacBook-Air.local" ignored="0" name="Default test" tests="4" failures="0" timestamp="19 Feb 2019 19:05:10 GMT" time="95.873" errors="0">
  <testcase name="composeEmailButtonTest" time="3.063" classname="com.gmail.qa.testcases.HomePageTest"/>
  <testcase name="homePageGmailLogoTest" time="7.338" classname="com.gmail.qa.testcases.HomePageTest"/>
  <testcase name="homePageTitleTest" time="7.704" classname="com.gmail.qa.testcases.HomePageTest"/>
  <testcase name="searchTextBoxTest" time="7.001" classname="com.gmail.qa.testcases.HomePageTest"/>
</testsuite> <!-- Default test -->
