<?xml version="1.0" encoding="UTF-8"?>
<!-- Generated by org.testng.reporters.JUnitXMLReporter -->
<testsuite hostname="TANVIs-MacBook-Air.local" ignored="2" name="Default test" tests="3" failures="0" timestamp="13 Feb 2019 16:52:58 GMT" time="35.242" errors="0">
  <testcase name="loginPageTitleTest" time="0.029" classname="com.gmail.qa.testcases.LoginPageTest"/>
  <testcase name="signInTextTest" time="0.064" classname="com.gmail.qa.testcases.LoginPageTest"/>
  <testcase name="googleTextTest" time="0.049" classname="com.gmail.qa.testcases.LoginPageTest"/>
  <testcase name="createAccountLinkTest" time="0.0" classname="com.gmail.qa.testcases.LoginPageTest">
    <ignored/>
  </testcase> <!-- createAccountLinkTest -->
  <testcase name="loginTest" time="0.0" classname="com.gmail.qa.testcases.LoginPageTest">
    <ignored/>
  </testcase> <!-- loginTest -->
</testsuite> <!-- Default test -->
