<?xml version="1.0" encoding="UTF-8" ?>
<testsuite tests="3" failures="0" name="com.gmail.qa.testcases.LoginPageTest" time="0.108" errors="0" skipped="0">
  <properties>
[...]
</properties>
  <testcase classname="com.gmail.qa.testcases.LoginPageTest" name="loginPageTitleTest" time="0.011"/>
  <testcase classname="com.gmail.qa.testcases.LoginPageTest" name="signInTextTest" time="0.051"/>
  <testcase classname="com.gmail.qa.testcases.LoginPageTest" name="googleTextTest" time="0.046"/>
</testsuite>