<?xml version="1.0" encoding="UTF-8"?>
<testng-results skipped="0" failed="0" ignored="2" total="5" passed="3">
  <reporter-output>
  </reporter-output>
  <suite name="Default suite" duration-ms="35242" started-at="2019-02-13T16:52:22Z" finished-at="2019-02-13T16:52:58Z">
    <groups>
    </groups>
    <test name="Default test" duration-ms="35242" started-at="2019-02-13T16:52:22Z" finished-at="2019-02-13T16:52:58Z">
      <class name="com.gmail.qa.testcases.LoginPageTest">
        <test-method status="PASS" signature="setUp()[pri:0, instance:com.gmail.qa.testcases.LoginPageTest@6a4f787b]" name="setUp" is-config="true" duration-ms="13200" started-at="2019-02-13T16:52:23Z" finished-at="2019-02-13T16:52:36Z">
          <reporter-output>
          </reporter-output>
        </test-method> <!-- setUp -->
        <test-method status="PASS" signature="loginPageTitleTest()[pri:1, instance:com.gmail.qa.testcases.LoginPageTest@6a4f787b]" name="loginPageTitleTest" duration-ms="29" started-at="2019-02-13T16:52:36Z" finished-at="2019-02-13T16:52:36Z">
          <reporter-output>
          </reporter-output>
        </test-method> <!-- loginPageTitleTest -->
        <test-method status="PASS" signature="tearDown()[pri:0, instance:com.gmail.qa.testcases.LoginPageTest@6a4f787b]" name="tearDown" is-config="true" duration-ms="112" started-at="2019-02-13T16:52:36Z" finished-at="2019-02-13T16:52:36Z">
          <reporter-output>
          </reporter-output>
        </test-method> <!-- tearDown -->
        <test-method status="PASS" signature="setUp()[pri:0, instance:com.gmail.qa.testcases.LoginPageTest@6a4f787b]" name="setUp" is-config="true" duration-ms="11219" started-at="2019-02-13T16:52:36Z" finished-at="2019-02-13T16:52:47Z">
          <reporter-output>
          </reporter-output>
        </test-method> <!-- setUp -->
        <test-method status="PASS" signature="signInTextTest()[pri:2, instance:com.gmail.qa.testcases.LoginPageTest@6a4f787b]" name="signInTextTest" duration-ms="64" started-at="2019-02-13T16:52:47Z" finished-at="2019-02-13T16:52:47Z">
          <reporter-output>
          </reporter-output>
        </test-method> <!-- signInTextTest -->
        <test-method status="PASS" signature="tearDown()[pri:0, instance:com.gmail.qa.testcases.LoginPageTest@6a4f787b]" name="tearDown" is-config="true" duration-ms="147" started-at="2019-02-13T16:52:47Z" finished-at="2019-02-13T16:52:47Z">
          <reporter-output>
          </reporter-output>
        </test-method> <!-- tearDown -->
        <test-method status="PASS" signature="setUp()[pri:0, instance:com.gmail.qa.testcases.LoginPageTest@6a4f787b]" name="setUp" is-config="true" duration-ms="10232" started-at="2019-02-13T16:52:47Z" finished-at="2019-02-13T16:52:58Z">
          <reporter-output>
          </reporter-output>
        </test-method> <!-- setUp -->
        <test-method status="PASS" signature="googleTextTest()[pri:3, instance:com.gmail.qa.testcases.LoginPageTest@6a4f787b]" name="googleTextTest" duration-ms="49" started-at="2019-02-13T16:52:58Z" finished-at="2019-02-13T16:52:58Z">
          <reporter-output>
          </reporter-output>
        </test-method> <!-- googleTextTest -->
        <test-method status="PASS" signature="tearDown()[pri:0, instance:com.gmail.qa.testcases.LoginPageTest@6a4f787b]" name="tearDown" is-config="true" duration-ms="116" started-at="2019-02-13T16:52:58Z" finished-at="2019-02-13T16:52:58Z">
          <reporter-output>
          </reporter-output>
        </test-method> <!-- tearDown -->
      </class> <!-- com.gmail.qa.testcases.LoginPageTest -->
    </test> <!-- Default test -->
  </suite> <!-- Default suite -->
</testng-results>
