<?xml version="1.0" encoding="UTF-8"?>
<!-- Generated by org.testng.reporters.JUnitXMLReporter -->
<testsuite hostname="TANVIs-MacBook-Air.local" ignored="2" name="Command line test" tests="3" failures="0" timestamp="13 Feb 2019 17:04:26 GMT" time="12.656" errors="0">
  <testcase name="loginPageTitleTest" time="0.009" classname="com.gmail.qa.testcases.LoginPageTest"/>
  <testcase name="signInTextTest" time="0.052" classname="com.gmail.qa.testcases.LoginPageTest"/>
  <testcase name="googleTextTest" time="0.046" classname="com.gmail.qa.testcases.LoginPageTest"/>
  <testcase name="createAccountLinkTest" time="0.0" classname="com.gmail.qa.testcases.LoginPageTest">
    <ignored/>
  </testcase> <!-- createAccountLinkTest -->
  <testcase name="loginTest" time="0.0" classname="com.gmail.qa.testcases.LoginPageTest">
    <ignored/>
  </testcase> <!-- loginTest -->
</testsuite> <!-- Command line test -->
